<?xml version="1.0" encoding="UTF-8"?>
<!-- Generated by org.testng.reporters.JUnitReportReporter -->
<testsuite hostname="DESKTOP-9KRK1A9" failures="0" tests="1" name="OrganizationTest.ToCreateOrgWithTypeTest1" time="21.163" errors="0" timestamp="2025-04-03T10:43:25 IST" skipped="0">
  <testcase classname="OrganizationTest.ToCreateOrgWithTypeTest1" name="TocreateOrgWithType_004" time="21.163"/>
  <system-out/>
</testsuite> <!-- OrganizationTest.ToCreateOrgWithTypeTest1 -->
