<?xml version="1.0" encoding="UTF-8"?>
<!-- Generated by org.testng.reporters.JUnitReportReporter -->
<testsuite hostname="DESKTOP-9KRK1A9" failures="0" tests="1" name="OrganizationTest.ToCreateOrgTest" time="18.433" errors="0" timestamp="2025-04-03T10:43:25 IST" skipped="0">
  <testcase classname="OrganizationTest.ToCreateOrgTest" name="toCreateOrg_003" time="18.433"/>
  <system-out/>
</testsuite> <!-- OrganizationTest.ToCreateOrgTest -->
