<?xml version="1.0" encoding="UTF-8"?>
<!-- Generated by org.testng.reporters.JUnitReportReporter -->
<testsuite hostname="DESKTOP-9KRK1A9" failures="0" tests="1" name="contactTests.ToCreateContactWithOrgTest" time="21.093" errors="0" timestamp="2025-04-03T10:43:25 IST" skipped="0">
  <testcase classname="contactTests.ToCreateContactWithOrgTest" name="toCreateContactWithOrg_002" time="21.093"/>
  <system-out/>
</testsuite> <!-- contactTests.ToCreateContactWithOrgTest -->
