<?xml version="1.0" encoding="UTF-8"?>
<!-- Generated by org.testng.reporters.JUnitReportReporter -->
<testsuite hostname="DESKTOP-9KRK1A9" failures="0" tests="1" name="OrganizationTest.toCreateOrgWithIndustryTest" time="18.771" errors="0" timestamp="2025-04-03T10:43:25 IST" skipped="0">
  <testcase classname="OrganizationTest.toCreateOrgWithIndustryTest" name="ToCreateOrgWithIndustry_004" time="18.771"/>
  <system-out/>
</testsuite> <!-- OrganizationTest.toCreateOrgWithIndustryTest -->
